15/06/2024 08:18:45 PM: ERROR: RegularScenario: admin_cred: Exception Occurred: Message: 
Stacktrace:
	GetHandleVerifier [0x00007FF796C91F52+60322]
	(No symbol) [0x00007FF796C0CEC9]
	(No symbol) [0x00007FF796AC7EBA]
	(No symbol) [0x00007FF796B17676]
	(No symbol) [0x00007FF796B1773C]
	(No symbol) [0x00007FF796B5E967]
	(No symbol) [0x00007FF796B3C25F]
	(No symbol) [0x00007FF796B5BC80]
	(No symbol) [0x00007FF796B3BFC3]
	(No symbol) [0x00007FF796B09617]
	(No symbol) [0x00007FF796B0A211]
	GetHandleVerifier [0x00007FF796FA94AD+3301629]
	GetHandleVerifier [0x00007FF796FF36D3+3605283]
	GetHandleVerifier [0x00007FF796FE9450+3563680]
	GetHandleVerifier [0x00007FF796D44326+790390]
	(No symbol) [0x00007FF796C1750F]
	(No symbol) [0x00007FF796C13404]
	(No symbol) [0x00007FF796C13592]
	(No symbol) [0x00007FF796C02F9F]
	BaseThreadInitThunk [0x00007FFF8E767344+20]
	RtlUserThreadStart [0x00007FFF8F8FCC91+33]

